SEGGER J-Link Remote Server V8.10c LogFile
Logging started @ 2024-12-10 09:43
00000000 - SERVER  (0x0015 bytes): Remote Server started
00000000 - SERVER  (0x0015 bytes): TLV Protocol: V1.0.0 
00000040 - SERVER  (0x0026 bytes): Connected to J-Link with S/N 801012029
00000041 - SERVER  (0x0039 bytes): Resolving tunnel server name (jlink-europe.segger.com)...
00000055 - SERVER  (0x001F bytes): Tunnel server IP: 185.162.249.2
00000123 - SERVER  (0x001B bytes): Registered at tunnel server
00000123 - SERVER  (0x001D bytes): Waiting for client connection
00005222 - SERVER  (0x0010 bytes): Client connected
00028124 - SERVER  (0x0018 bytes): Client connection closed
00028181 - SERVER  (0x0026 bytes): Connected to J-Link with S/N 801012029
00028181 - SERVER  (0x0039 bytes): Resolving tunnel server name (jlink-europe.segger.com)...
00028205 - SERVER  (0x001F bytes): Tunnel server IP: 185.162.249.2
00028262 - SERVER  (0x001B bytes): Registered at tunnel server
00028262 - SERVER  (0x001D bytes): Waiting for client connection
00162904 - SERVER  (0x0010 bytes): Client connected
00180950 - SERVER  (0x0018 bytes): Client connection closed
00181011 - SERVER  (0x0026 bytes): Connected to J-Link with S/N 801012029
00181011 - SERVER  (0x0039 bytes): Resolving tunnel server name (jlink-europe.segger.com)...
00181022 - SERVER  (0x001F bytes): Tunnel server IP: 185.162.249.2
00181072 - SERVER  (0x001B bytes): Registered at tunnel server
00181072 - SERVER  (0x001D bytes): Waiting for client connection
00181531 - SERVER  (0x0010 bytes): Client connected
00201534 - SERVER  (0x0018 bytes): Client connection closed
00201574 - SERVER  (0x0026 bytes): Connected to J-Link with S/N 801012029
00201575 - SERVER  (0x0039 bytes): Resolving tunnel server name (jlink-europe.segger.com)...
00201587 - SERVER  (0x001F bytes): Tunnel server IP: 185.162.249.2
00201649 - SERVER  (0x001B bytes): Registered at tunnel server
00201649 - SERVER  (0x001D bytes): Waiting for client connection
